17:30:59 Start [tags].
17:31:16 Start [tags].
17:31:31 Start [tags].
17:31:31 Finished [tags]: 0.054 sec
17:32:31 Start [tags].
17:32:31 Finished [tags]: 0.047 sec
17:33:05 Start [tags].
17:33:05 Finished [tags]: 0.049 sec
19:00:54 [ERR] DicomTag (0002,0000) not found
19:00:54 [ERR] DicomTag (0002,0001) not found
19:00:54 [ERR] DicomTag (0002,0002) not found
19:00:54 [ERR] DicomTag (0002,0003) not found
19:00:54 [ERR] DicomTag (0002,0010) not found
19:00:54 [ERR] DicomTag (0002,0012) not found
19:00:54 [ERR] DicomTag (0002,0013) not found
19:00:54 [ERR] DicomTag (0008,0016) not found
19:00:54 [ERR] DicomTag (0008,0018) not found
19:00:54 [ERR] DicomTag (0008,0020) not found
19:00:54 [ERR] DicomTag (0008,0021) not found
19:00:54 [ERR] DicomTag (0008,0022) not found
19:00:54 [ERR] DicomTag (0008,0023) not found
19:00:54 [ERR] DicomTag (0008,0030) not found
19:00:54 [ERR] DicomTag (0008,0031) not found
19:00:54 [ERR] DicomTag (0008,0032) not found
19:00:54 [ERR] DicomTag (0008,0033) not found
19:00:54 [ERR] DicomTag (0008,0050) not found
19:00:54 [ERR] DicomTag (0008,0060) not found
19:00:54 [ERR] DicomTag (0008,0068) not found
19:00:54 [ERR] DicomTag (0008,0070) not found
19:00:54 [ERR] DicomTag (0008,0080) not found
19:00:54 [ERR] DicomTag (0008,0090) not found
19:00:54 [ERR] DicomTag (0008,1030) not found
19:00:54 [ERR] DicomTag (0008,103E) not found
19:00:54 [ERR] DicomTag (0008,1090) not found
19:00:54 [ERR] DicomTag (0010,0010) not found
19:00:54 [ERR] DicomTag (0010,0020) not found
19:00:54 [ERR] DicomTag (0010,0030) not found
19:00:54 [ERR] DicomTag (0010,0040) not found
19:00:54 [ERR] DicomTag (0018,0015) not found
19:00:54 [ERR] DicomTag (0018,1020) not found
19:00:54 [ERR] DicomTag (0018,1164) not found
19:00:54 [ERR] DicomTag (0018,1400) not found
19:00:54 [ERR] DicomTag (0018,1401) not found
19:00:54 [ERR] DicomTag (0018,7004) not found
19:00:54 [ERR] DicomTag (0018,7005) not found
19:00:54 [ERR] DicomTag (0018,7006) not found
19:00:54 [ERR] DicomTag (0018,700A) not found
19:00:54 [ERR] DicomTag (0020,000D) not found
19:00:54 [ERR] DicomTag (0020,000E) not found
19:00:54 [ERR] DicomTag (0020,0010) not found
19:00:54 [ERR] DicomTag (0020,0011) not found
19:00:54 [ERR] DicomTag (0020,0013) not found
19:00:54 [ERR] DicomTag (0028,0002) not found
19:00:54 [ERR] DicomTag (0028,0004) not found
19:00:54 [ERR] DicomTag (0028,0010) not found
19:00:54 [ERR] DicomTag (0028,0011) not found
19:00:54 [ERR] DicomTag (0028,0100) not found
19:00:54 [ERR] DicomTag (0028,0101) not found
19:00:54 [ERR] DicomTag (0028,0102) not found
19:00:54 [ERR] DicomTag (0028,0103) not found
19:00:54 [ERR] DicomTag (0028,0301) not found
19:00:54 [ERR] DicomTag (0028,1052) not found
19:00:54 [ERR] DicomTag (0028,1053) not found
19:00:54 [ERR] DicomTag (0028,1054) not found
19:00:54 [ERR] DicomTag (0028,2110) not found
19:00:54 [ERR] DicomTag (0028,2112) not found
19:00:54 [ERR] DicomTag (0028,2114) not found
19:00:54 [ERR] DicomTag (0040,0310) not found
19:00:54 [ERR] DicomTag (7FE0,0010) not found
19:00:54 [ERR] DicomTag (0000,0000) not found
19:04:30 [ERR] DicomTag (C5F4,1848) not found
19:05:54 [ERR] DicomTag (C5F4,1848) not found
19:06:51 [ERR] DicomTag (C5F4,1848) not found
19:06:56 [ERR] DicomTag (C5F4,1848) not found
19:08:06 [ERR] DicomTag (012C,72CE) not found
19:09:44 [ERR] DicomTag (012C,72CE) not found
19:12:18 [ERR] DicomTag (012C,72CE) not found
