09:01:09 java.sql.SQLSyntaxErrorException: You have an error in your SQL syntax; check the manual that corresponds to your MySQL server version for the right syntax to use near 'DEFAULT )' at line 1
   com.mysql.cj.jdbc.exceptions.SQLError.createSQLException(SQLError.java:120)
   com.mysql.cj.jdbc.exceptions.SQLExceptionsMapping.translateException(SQLExceptionsMapping.java:122)
   com.mysql.cj.jdbc.StatementImpl.executeUpdateInternal(StatementImpl.java:1333)
   com.mysql.cj.jdbc.StatementImpl.executeLargeUpdate(StatementImpl.java:2106)
   com.mysql.cj.jdbc.StatementImpl.executeUpdate(StatementImpl.java:1243)
   be.vsol.database.connection.DbDriver.update(DbDriver.java:56)
   be.vsol.database.connection.MySQL.matchStructure(MySQL.java:83)
   be.vsol.database.model.Database.connect(Database.java:34)
   be.vsol.test.sigi.TestDatabase.main(TestDatabase.java:22)
09:01:09 java.sql.SQLSyntaxErrorException: Table 'test_db.cars' doesn't exist
   com.mysql.cj.jdbc.exceptions.SQLError.createSQLException(SQLError.java:120)
   com.mysql.cj.jdbc.exceptions.SQLExceptionsMapping.translateException(SQLExceptionsMapping.java:122)
   com.mysql.cj.jdbc.StatementImpl.executeUpdateInternal(StatementImpl.java:1333)
   com.mysql.cj.jdbc.StatementImpl.executeLargeUpdate(StatementImpl.java:2106)
   com.mysql.cj.jdbc.StatementImpl.executeUpdate(StatementImpl.java:1243)
   be.vsol.database.connection.DbDriver.update(DbDriver.java:56)
   be.vsol.database.connection.DbDriver.insertRecord(DbDriver.java:92)
   be.vsol.database.model.DbTable.save(DbTable.java:20)
   be.vsol.test.sigi.TestDatabase.main(TestDatabase.java:30)
09:01:09 java.sql.SQLSyntaxErrorException: Table 'test_db.cars' doesn't exist
   com.mysql.cj.jdbc.exceptions.SQLError.createSQLException(SQLError.java:120)
   com.mysql.cj.jdbc.exceptions.SQLExceptionsMapping.translateException(SQLExceptionsMapping.java:122)
   com.mysql.cj.jdbc.StatementImpl.executeQuery(StatementImpl.java:1198)
   be.vsol.database.connection.DbDriver.query(DbDriver.java:44)
   be.vsol.database.connection.DbDriver.getRecord(DbDriver.java:178)
   be.vsol.database.connection.DbDriver.updateRecord(DbDriver.java:98)
   be.vsol.database.model.DbTable.save(DbTable.java:25)
   be.vsol.test.sigi.TestDatabase.main(TestDatabase.java:30)
09:03:33 java.sql.SQLSyntaxErrorException: You have an error in your SQL syntax; check the manual that corresponds to your MySQL server version for the right syntax to use near 'DEFAULT )' at line 1
   com.mysql.cj.jdbc.exceptions.SQLError.createSQLException(SQLError.java:120)
   com.mysql.cj.jdbc.exceptions.SQLExceptionsMapping.translateException(SQLExceptionsMapping.java:122)
   com.mysql.cj.jdbc.StatementImpl.executeUpdateInternal(StatementImpl.java:1333)
   com.mysql.cj.jdbc.StatementImpl.executeLargeUpdate(StatementImpl.java:2106)
   com.mysql.cj.jdbc.StatementImpl.executeUpdate(StatementImpl.java:1243)
   be.vsol.database.connection.DbDriver.update(DbDriver.java:56)
   be.vsol.database.connection.MySQL.matchStructure(MySQL.java:83)
   be.vsol.database.model.Database.connect(Database.java:34)
   be.vsol.test.sigi.TestDatabase.main(TestDatabase.java:22)
09:03:33 java.sql.SQLSyntaxErrorException: Table 'test_db.cars' doesn't exist
   com.mysql.cj.jdbc.exceptions.SQLError.createSQLException(SQLError.java:120)
   com.mysql.cj.jdbc.exceptions.SQLExceptionsMapping.translateException(SQLExceptionsMapping.java:122)
   com.mysql.cj.jdbc.StatementImpl.executeUpdateInternal(StatementImpl.java:1333)
   com.mysql.cj.jdbc.StatementImpl.executeLargeUpdate(StatementImpl.java:2106)
   com.mysql.cj.jdbc.StatementImpl.executeUpdate(StatementImpl.java:1243)
   be.vsol.database.connection.DbDriver.update(DbDriver.java:56)
   be.vsol.database.connection.DbDriver.insertRecord(DbDriver.java:92)
   be.vsol.database.model.DbTable.save(DbTable.java:20)
   be.vsol.test.sigi.TestDatabase.main(TestDatabase.java:30)
09:03:33 java.sql.SQLSyntaxErrorException: Table 'test_db.cars' doesn't exist
   com.mysql.cj.jdbc.exceptions.SQLError.createSQLException(SQLError.java:120)
   com.mysql.cj.jdbc.exceptions.SQLExceptionsMapping.translateException(SQLExceptionsMapping.java:122)
   com.mysql.cj.jdbc.StatementImpl.executeQuery(StatementImpl.java:1198)
   be.vsol.database.connection.DbDriver.query(DbDriver.java:44)
   be.vsol.database.connection.DbDriver.getRecord(DbDriver.java:178)
   be.vsol.database.connection.DbDriver.updateRecord(DbDriver.java:98)
   be.vsol.database.model.DbTable.save(DbTable.java:25)
   be.vsol.test.sigi.TestDatabase.main(TestDatabase.java:30)
09:04:32 java.sql.SQLSyntaxErrorException: You have an error in your SQL syntax; check the manual that corresponds to your MySQL server version for the right syntax to use near ')' at line 1
   com.mysql.cj.jdbc.exceptions.SQLError.createSQLException(SQLError.java:120)
   com.mysql.cj.jdbc.exceptions.SQLExceptionsMapping.translateException(SQLExceptionsMapping.java:122)
   com.mysql.cj.jdbc.StatementImpl.executeUpdateInternal(StatementImpl.java:1333)
   com.mysql.cj.jdbc.StatementImpl.executeLargeUpdate(StatementImpl.java:2106)
   com.mysql.cj.jdbc.StatementImpl.executeUpdate(StatementImpl.java:1243)
   be.vsol.database.connection.DbDriver.update(DbDriver.java:56)
   be.vsol.database.connection.MySQL.matchStructure(MySQL.java:83)
   be.vsol.database.model.Database.connect(Database.java:34)
   be.vsol.test.sigi.TestDatabase.main(TestDatabase.java:22)
09:04:32 java.sql.SQLSyntaxErrorException: Table 'test_db.cars' doesn't exist
   com.mysql.cj.jdbc.exceptions.SQLError.createSQLException(SQLError.java:120)
   com.mysql.cj.jdbc.exceptions.SQLExceptionsMapping.translateException(SQLExceptionsMapping.java:122)
   com.mysql.cj.jdbc.StatementImpl.executeUpdateInternal(StatementImpl.java:1333)
   com.mysql.cj.jdbc.StatementImpl.executeLargeUpdate(StatementImpl.java:2106)
   com.mysql.cj.jdbc.StatementImpl.executeUpdate(StatementImpl.java:1243)
   be.vsol.database.connection.DbDriver.update(DbDriver.java:56)
   be.vsol.database.connection.DbDriver.insertRecord(DbDriver.java:92)
   be.vsol.database.model.DbTable.save(DbTable.java:20)
   be.vsol.test.sigi.TestDatabase.main(TestDatabase.java:30)
09:04:32 java.sql.SQLSyntaxErrorException: Table 'test_db.cars' doesn't exist
   com.mysql.cj.jdbc.exceptions.SQLError.createSQLException(SQLError.java:120)
   com.mysql.cj.jdbc.exceptions.SQLExceptionsMapping.translateException(SQLExceptionsMapping.java:122)
   com.mysql.cj.jdbc.StatementImpl.executeQuery(StatementImpl.java:1198)
   be.vsol.database.connection.DbDriver.query(DbDriver.java:44)
   be.vsol.database.connection.DbDriver.getRecord(DbDriver.java:178)
   be.vsol.database.connection.DbDriver.updateRecord(DbDriver.java:98)
   be.vsol.database.model.DbTable.save(DbTable.java:25)
   be.vsol.test.sigi.TestDatabase.main(TestDatabase.java:30)
