15:44:55 java.lang.NoSuchFieldException: forward
   java.base/java.lang.Class.getField(Class.java:2013)
   be.vsol.vsol6.model.config.Config.<init>(Config.java:38)
   be.vsol.vsol6.controller.Ctrl.<init>(Ctrl.java:56)
   be.vsol.vsol6.main.Main_CL.main(Main_CL.java:19)
15:45:57 java.lang.NoSuchFieldException: legacy
   java.base/java.lang.Class.getField(Class.java:2013)
   be.vsol.vsol6.model.config.Config.<init>(Config.java:38)
   be.vsol.vsol6.controller.Ctrl.<init>(Ctrl.java:56)
   be.vsol.vsol6.main.Main_FX.start(Main_FX.java:22)
   javafx.graphics/com.sun.javafx.application.LauncherImpl.lambda$launchApplication1$9(LauncherImpl.java:846)
   javafx.graphics/com.sun.javafx.application.PlatformImpl.lambda$runAndWait$12(PlatformImpl.java:455)
   javafx.graphics/com.sun.javafx.application.PlatformImpl.lambda$runLater$10(PlatformImpl.java:428)
   java.base/java.security.AccessController.doPrivileged(AccessController.java:391)
   javafx.graphics/com.sun.javafx.application.PlatformImpl.lambda$runLater$11(PlatformImpl.java:427)
   javafx.graphics/com.sun.glass.ui.InvokeLaterDispatcher$Future.run(InvokeLaterDispatcher.java:96)
   javafx.graphics/com.sun.glass.ui.win.WinApplication._runLoop(Native Method)
   javafx.graphics/com.sun.glass.ui.win.WinApplication.lambda$runLoop$3(WinApplication.java:174)
   java.base/java.lang.Thread.run(Thread.java:832)
15:46:10 java.lang.NoSuchFieldException: legacy
   java.base/java.lang.Class.getField(Class.java:2013)
   be.vsol.vsol6.model.config.Config.<init>(Config.java:38)
   be.vsol.vsol6.controller.Ctrl.<init>(Ctrl.java:56)
   be.vsol.vsol6.main.Main_FX.start(Main_FX.java:22)
   javafx.graphics/com.sun.javafx.application.LauncherImpl.lambda$launchApplication1$9(LauncherImpl.java:846)
   javafx.graphics/com.sun.javafx.application.PlatformImpl.lambda$runAndWait$12(PlatformImpl.java:455)
   javafx.graphics/com.sun.javafx.application.PlatformImpl.lambda$runLater$10(PlatformImpl.java:428)
   java.base/java.security.AccessController.doPrivileged(AccessController.java:391)
   javafx.graphics/com.sun.javafx.application.PlatformImpl.lambda$runLater$11(PlatformImpl.java:427)
   javafx.graphics/com.sun.glass.ui.InvokeLaterDispatcher$Future.run(InvokeLaterDispatcher.java:96)
   javafx.graphics/com.sun.glass.ui.win.WinApplication._runLoop(Native Method)
   javafx.graphics/com.sun.glass.ui.win.WinApplication.lambda$runLoop$3(WinApplication.java:174)
   java.base/java.lang.Thread.run(Thread.java:832)
15:48:14 java.lang.NoSuchFieldException: legacy
   java.base/java.lang.Class.getField(Class.java:2013)
   be.vsol.vsol6.model.config.Config.<init>(Config.java:38)
   be.vsol.vsol6.controller.Ctrl.<init>(Ctrl.java:56)
   be.vsol.vsol6.main.Main_FX.start(Main_FX.java:22)
   javafx.graphics/com.sun.javafx.application.LauncherImpl.lambda$launchApplication1$9(LauncherImpl.java:846)
   javafx.graphics/com.sun.javafx.application.PlatformImpl.lambda$runAndWait$12(PlatformImpl.java:455)
   javafx.graphics/com.sun.javafx.application.PlatformImpl.lambda$runLater$10(PlatformImpl.java:428)
   java.base/java.security.AccessController.doPrivileged(AccessController.java:391)
   javafx.graphics/com.sun.javafx.application.PlatformImpl.lambda$runLater$11(PlatformImpl.java:427)
   javafx.graphics/com.sun.glass.ui.InvokeLaterDispatcher$Future.run(InvokeLaterDispatcher.java:96)
   javafx.graphics/com.sun.glass.ui.win.WinApplication._runLoop(Native Method)
   javafx.graphics/com.sun.glass.ui.win.WinApplication.lambda$runLoop$3(WinApplication.java:174)
   java.base/java.lang.Thread.run(Thread.java:832)
15:50:03 legacy
15:50:44 Invalid parameter: legacy
